<?xml version="1.0" encoding="UTF-8"?>
<testsuite name="com.iot.devices.DeviceTest" tests="7" skipped="0" failures="0" errors="0" timestamp="2020-11-02T10:04:16" hostname="JFSH101517.local" time="0.24">
  <properties/>
  <testcase name="testListActiveDevicesAfterOneShutsDown" classname="com.iot.devices.DeviceTest" time="0.053"/>
  <testcase name="testReturnSameActorForSameDeviceId" classname="com.iot.devices.DeviceTest" time="0.007"/>
  <testcase name="testReplyWithEmptyReadingIfNoTemperatureIsKnown" classname="com.iot.devices.DeviceTest" time="0.003"/>
  <testcase name="testReplyToRegistrationRequests" classname="com.iot.devices.DeviceTest" time="0.051"/>
  <testcase name="testListActiveDevices" classname="com.iot.devices.DeviceTest" time="0.011"/>
  <testcase name="testReplyWithLatestTemperatureReading" classname="com.iot.devices.DeviceTest" time="0.005"/>
  <testcase name="testIgnoreWrongRegistrationRequests" classname="com.iot.devices.DeviceTest" time="0.104"/>
  <system-out><![CDATA[[2020-11-02 18:04:16,468] [INFO] [akka.event.slf4j.Slf4jLogger] [DeviceTest-akka.actor.default-dispatcher-3] [] - Slf4jLogger started
[2020-11-02 18:04:16,512] [INFO] [com.iot.devices.DeviceGroup] [DeviceTest-akka.actor.default-dispatcher-7] [akka://DeviceTest/user/$a] - DeviceGroup group started
[2020-11-02 18:04:16,519] [INFO] [com.iot.devices.DeviceGroup] [DeviceTest-akka.actor.default-dispatcher-7] [akka://DeviceTest/user/$a] - Creating device actor for device1
[2020-11-02 18:04:16,521] [INFO] [com.iot.devices.Device] [DeviceTest-akka.actor.default-dispatcher-3] [akka://DeviceTest/user/$a/device-device1] - Device actor group-device1 started
[2020-11-02 18:04:16,524] [INFO] [com.iot.devices.DeviceGroup] [DeviceTest-akka.actor.default-dispatcher-6] [akka://DeviceTest/user/$a] - Creating device actor for device2
[2020-11-02 18:04:16,524] [INFO] [com.iot.devices.Device] [DeviceTest-akka.actor.default-dispatcher-7] [akka://DeviceTest/user/$a/device-device2] - Device actor group-device2 started
[2020-11-02 18:04:16,536] [INFO] [com.iot.devices.Device] [DeviceTest-akka.actor.default-dispatcher-3] [akka://DeviceTest/user/$a/device-device2] - Device actor group-device2 stopped
[2020-11-02 18:04:16,542] [INFO] [com.iot.devices.DeviceGroup] [DeviceTest-akka.actor.default-dispatcher-7] [akka://DeviceTest/user/$a] - Device actor for device2 has been terminated
[2020-11-02 18:04:16,548] [INFO] [com.iot.devices.DeviceGroup] [DeviceTest-akka.actor.default-dispatcher-3] [akka://DeviceTest/user/$b] - DeviceGroup group started
[2020-11-02 18:04:16,549] [INFO] [com.iot.devices.DeviceGroup] [DeviceTest-akka.actor.default-dispatcher-3] [akka://DeviceTest/user/$b] - Creating device actor for device
[2020-11-02 18:04:16,550] [INFO] [com.iot.devices.Device] [DeviceTest-akka.actor.default-dispatcher-7] [akka://DeviceTest/user/$b/device-device] - Device actor group-device started
[2020-11-02 18:04:16,555] [INFO] [com.iot.devices.Device] [DeviceTest-akka.actor.default-dispatcher-7] [akka://DeviceTest/user/undertest] - Device actor group-device started
[2020-11-02 18:04:16,566] [INFO] [com.iot.devices.DeviceGroup] [DeviceTest-akka.actor.default-dispatcher-8] [akka://DeviceTest/user/$c] - DeviceGroup group started
[2020-11-02 18:04:16,577] [INFO] [com.iot.devices.DeviceGroup] [DeviceTest-akka.actor.default-dispatcher-8] [akka://DeviceTest/user/$c] - Creating device actor for device
[2020-11-02 18:04:16,578] [INFO] [com.iot.devices.Device] [DeviceTest-akka.actor.default-dispatcher-8] [akka://DeviceTest/user/$c/device-device] - Device actor group-device started
[2020-11-02 18:04:16,581] [INFO] [com.iot.devices.DeviceGroup] [DeviceTest-akka.actor.default-dispatcher-9] [akka://DeviceTest/user/$c] - Creating device actor for device3
[2020-11-02 18:04:16,582] [INFO] [com.iot.devices.Device] [DeviceTest-akka.actor.default-dispatcher-9] [akka://DeviceTest/user/$c/device-device3] - Device actor group-device3 started
[2020-11-02 18:04:16,590] [INFO] [com.iot.devices.Device] [DeviceTest-akka.actor.default-dispatcher-7] [akka://DeviceTest/user/$c/device-device] - Recorded temperature reading 1.0 with 0
[2020-11-02 18:04:16,594] [INFO] [com.iot.devices.Device] [DeviceTest-akka.actor.default-dispatcher-6] [akka://DeviceTest/user/$c/device-device3] - Recorded temperature reading 2.0 with 1
[2020-11-02 18:04:16,615] [INFO] [com.iot.devices.DeviceGroup] [DeviceTest-akka.actor.default-dispatcher-7] [akka://DeviceTest/user/$d] - DeviceGroup group started
[2020-11-02 18:04:16,616] [INFO] [com.iot.devices.DeviceGroup] [DeviceTest-akka.actor.default-dispatcher-7] [akka://DeviceTest/user/$d] - Creating device actor for device1
[2020-11-02 18:04:16,617] [INFO] [com.iot.devices.Device] [DeviceTest-akka.actor.default-dispatcher-7] [akka://DeviceTest/user/$d/device-device1] - Device actor group-device1 started
[2020-11-02 18:04:16,620] [INFO] [com.iot.devices.DeviceGroup] [DeviceTest-akka.actor.default-dispatcher-9] [akka://DeviceTest/user/$d] - Creating device actor for device2
[2020-11-02 18:04:16,621] [INFO] [com.iot.devices.Device] [DeviceTest-akka.actor.default-dispatcher-9] [akka://DeviceTest/user/$d/device-device2] - Device actor group-device2 started
[2020-11-02 18:04:16,626] [INFO] [com.iot.devices.Device] [DeviceTest-akka.actor.default-dispatcher-9] [akka://DeviceTest/user/$e] - Device actor group-device started
[2020-11-02 18:04:16,626] [INFO] [com.iot.devices.Device] [DeviceTest-akka.actor.default-dispatcher-9] [akka://DeviceTest/user/$e] - Recorded temperature reading 24.0 with 1
[2020-11-02 18:04:16,627] [INFO] [com.iot.devices.Device] [DeviceTest-akka.actor.default-dispatcher-9] [akka://DeviceTest/user/$e] - Recorded temperature reading 55.0 with 3
[2020-11-02 18:04:16,630] [INFO] [com.iot.devices.DeviceGroup] [DeviceTest-akka.actor.default-dispatcher-9] [akka://DeviceTest/user/$f] - DeviceGroup group started
[2020-11-02 18:04:16,631] [WARN] [com.iot.devices.DeviceGroup] [DeviceTest-akka.actor.default-dispatcher-9] [akka://DeviceTest/user/$f] - Ignoring TrackDevice request for wrongGroup. This actor is responsible for group.
[2020-11-02 18:04:16,780] [INFO] [com.iot.devices.Device] [DeviceTest-akka.actor.default-dispatcher-8] [akka://DeviceTest/user/$a/device-device1] - Device actor group-device1 stopped
[2020-11-02 18:04:16,781] [INFO] [com.iot.devices.Device] [DeviceTest-akka.actor.default-dispatcher-10] [akka://DeviceTest/user/$d/device-device1] - Device actor group-device1 stopped
[2020-11-02 18:04:16,781] [INFO] [com.iot.devices.Device] [DeviceTest-akka.actor.default-dispatcher-10] [akka://DeviceTest/user/$d/device-device2] - Device actor group-device2 stopped
[2020-11-02 18:04:16,781] [INFO] [com.iot.devices.DeviceGroup] [DeviceTest-akka.actor.default-dispatcher-8] [akka://DeviceTest/user/$a] - DeviceGroup group stopped
[2020-11-02 18:04:16,781] [INFO] [com.iot.devices.DeviceGroup] [DeviceTest-akka.actor.default-dispatcher-10] [akka://DeviceTest/user/$d] - DeviceGroup group stopped
[2020-11-02 18:04:16,782] [INFO] [com.iot.devices.Device] [DeviceTest-akka.actor.default-dispatcher-7] [akka://DeviceTest/user/$c/device-device] - Device actor group-device stopped
[2020-11-02 18:04:16,782] [INFO] [com.iot.devices.Device] [DeviceTest-akka.actor.default-dispatcher-11] [akka://DeviceTest/user/$c/device-device3] - Device actor group-device3 stopped
[2020-11-02 18:04:16,783] [INFO] [com.iot.devices.DeviceGroup] [DeviceTest-akka.actor.default-dispatcher-7] [akka://DeviceTest/user/$c] - DeviceGroup group stopped
[2020-11-02 18:04:16,783] [INFO] [com.iot.devices.Device] [DeviceTest-akka.actor.default-dispatcher-9] [akka://DeviceTest/user/$e] - Device actor group-device stopped
[2020-11-02 18:04:16,783] [INFO] [com.iot.devices.Device] [DeviceTest-akka.actor.default-dispatcher-6] [akka://DeviceTest/user/$b/device-device] - Device actor group-device stopped
[2020-11-02 18:04:16,783] [INFO] [com.iot.devices.Device] [DeviceTest-akka.actor.default-dispatcher-9] [akka://DeviceTest/user/undertest] - Device actor group-device stopped
[2020-11-02 18:04:16,783] [INFO] [com.iot.devices.DeviceGroup] [DeviceTest-akka.actor.default-dispatcher-9] [akka://DeviceTest/user/$b] - DeviceGroup group stopped
[2020-11-02 18:04:16,783] [INFO] [com.iot.devices.DeviceGroup] [DeviceTest-akka.actor.default-dispatcher-12] [akka://DeviceTest/user/$f] - DeviceGroup group stopped
]]></system-out>
  <system-err><![CDATA[SLF4J: A number (1) of logging calls during the initialization phase have been intercepted and are
SLF4J: now being replayed. These are subject to the filtering rules of the underlying logging system.
SLF4J: See also http://www.slf4j.org/codes.html#replay
]]></system-err>
</testsuite>
