<?xml version="1.0" encoding="UTF-8"?>
<testsuite name="com.iot.devices.DeviceTest" tests="1" skipped="0" failures="0" errors="0" timestamp="2020-11-02T09:47:25" hostname="JFSH101517.local" time="0.058">
  <properties/>
  <testcase name="testListActiveDevicesAfterOneShutsDown" classname="com.iot.devices.DeviceTest" time="0.058"/>
  <system-out><![CDATA[[2020-11-02 17:47:25,664] [INFO] [akka.event.slf4j.Slf4jLogger] [DeviceTest-akka.actor.default-dispatcher-3] [] - Slf4jLogger started
[2020-11-02 17:47:25,710] [INFO] [com.iot.devices.DeviceGroup] [DeviceTest-akka.actor.default-dispatcher-6] [akka://DeviceTest/user/$a] - DeviceGroup group started
[2020-11-02 17:47:25,718] [INFO] [com.iot.devices.DeviceGroup] [DeviceTest-akka.actor.default-dispatcher-6] [akka://DeviceTest/user/$a] - Creating device actor for device1
[2020-11-02 17:47:25,721] [INFO] [com.iot.devices.Device] [DeviceTest-akka.actor.default-dispatcher-3] [akka://DeviceTest/user/$a/device-device1] - Device actor group-device1 started
[2020-11-02 17:47:25,723] [INFO] [com.iot.devices.DeviceGroup] [DeviceTest-akka.actor.default-dispatcher-5] [akka://DeviceTest/user/$a] - Creating device actor for device2
[2020-11-02 17:47:25,726] [INFO] [com.iot.devices.Device] [DeviceTest-akka.actor.default-dispatcher-6] [akka://DeviceTest/user/$a/device-device2] - Device actor group-device2 started
[2020-11-02 17:47:25,739] [INFO] [com.iot.devices.Device] [DeviceTest-akka.actor.default-dispatcher-6] [akka://DeviceTest/user/$a/device-device2] - Device actor group-device2 stopped
[2020-11-02 17:47:25,746] [INFO] [com.iot.devices.DeviceGroup] [DeviceTest-akka.actor.default-dispatcher-3] [akka://DeviceTest/user/$a] - Device actor for device2 has been terminated
[2020-11-02 17:47:25,794] [INFO] [com.iot.devices.Device] [DeviceTest-akka.actor.default-dispatcher-6] [akka://DeviceTest/user/$a/device-device1] - Device actor group-device1 stopped
[2020-11-02 17:47:25,794] [INFO] [com.iot.devices.DeviceGroup] [DeviceTest-akka.actor.default-dispatcher-6] [akka://DeviceTest/user/$a] - DeviceGroup group stopped
]]></system-out>
  <system-err><![CDATA[SLF4J: A number (1) of logging calls during the initialization phase have been intercepted and are
SLF4J: now being replayed. These are subject to the filtering rules of the underlying logging system.
SLF4J: See also http://www.slf4j.org/codes.html#replay
]]></system-err>
</testsuite>
